<?xml version="1.0" encoding="UTF-8"?>
<!-- Generated by org.testng.reporters.JUnitXMLReporter -->
<testsuite ignored="0" hostname="CSGVTVLT245" failures="0" tests="8" name="Default test" time="7.394" errors="0" timestamp="2022-04-18T23:06:06 IST">
  <testcase classname="APISource.API_Testing" name="aptTesting_GETRequest" time="3.027"/>
  <testcase classname="APISource.API_Testing" name="aptTesting_GETRequest" time="0.491"/>
  <testcase classname="APISource.API_Testing" name="aptTesting_GETRequest" time="0.581"/>
  <testcase classname="APISource.API_Testing" name="aptTesting_GETRequest" time="0.688"/>
  <testcase classname="APISource.API_Testing" name="aptTesting_GETRequest" time="1.094"/>
  <testcase classname="APISource.API_Testing" name="aptTesting_GETRequest" time="0.403"/>
  <testcase classname="APISource.API_Testing" name="aptTesting_POSTRequest" time="0.569"/>
  <testcase classname="APISource.API_Testing" name="aptTesting_POSTRequest" time="0.306"/>
</testsuite> <!-- Default test -->
