<?xml version="1.0" encoding="UTF-8"?>
<testng-results ignored="0" total="2" passed="2" failed="0" skipped="0">
  <reporter-output>
    <line>
      <![CDATA[DES Table Data which is not available on Transformation DB after migration


]]>
    </line>
    <line>
      <![CDATA[------------------------------------------]]>
    </line>
    <line>
      <![CDATA[[24, 29, 12, 8, 5, 20, 31, 9, 19, 18, 26, 30, 17, 11, 33, 10, 32, 14, 22, 23, 3, 4, 34, 16, 15, 25, 27, 35, 36, 2, 1]
]]>
    </line>
  </reporter-output>
  <suite started-at="2022-05-12T20:57:22 IST" name="Default suite" finished-at="2022-05-12T20:57:31 IST" duration-ms="8454">
    <groups>
    </groups>
    <test started-at="2022-05-12T20:57:22 IST" name="Default test" finished-at="2022-05-12T20:57:31 IST" duration-ms="8454">
      <class name="DBMigration.DES_to_Nexus_DataMigration">
        <test-method signature="Nexus_selectQuery(java.lang.String,java.lang.String,java.lang.String,java.lang.String)[pri:0, instance:DBMigration.DES_to_Nexus_DataMigration@7690781]" started-at="2022-05-12T20:57:23 IST" name="Nexus_selectQuery" data-provider="NexusDB_Input" finished-at="2022-05-12T20:57:26 IST" duration-ms="3500" status="PASS">
          <params>
            <param index="0">
              <value>
                <![CDATA[Y]]>
              </value>
            </param>
            <param index="1">
              <value>
                <![CDATA[Fb_user]]>
              </value>
            </param>
            <param index="2">
              <value>
                <![CDATA[tester]]>
              </value>
            </param>
            <param index="3">
              <value>
                <![CDATA[SELECT * FROM data_migration.customers;]]>
              </value>
            </param>
          </params>
          <reporter-output>
          </reporter-output>
        </test-method> <!-- Nexus_selectQuery -->
        <test-method signature="selectQuery(java.lang.String,java.lang.String,java.lang.String,java.lang.String,java.lang.String)[pri:0, instance:DBMigration.DES_to_Nexus_DataMigration@7690781]" started-at="2022-05-12T20:57:26 IST" name="selectQuery" data-provider="DES_DB_Input" finished-at="2022-05-12T20:57:31 IST" duration-ms="4653" status="PASS">
          <params>
            <param index="0">
              <value>
                <![CDATA[Y]]>
              </value>
            </param>
            <param index="1">
              <value>
                <![CDATA[Fb_user]]>
              </value>
            </param>
            <param index="2">
              <value>
                <![CDATA[tester]]>
              </value>
            </param>
            <param index="3">
              <value>
                <![CDATA[SELECT usr_seq FROM fb.users;]]>
              </value>
            </param>
            <param index="4">
              <value>
                <![CDATA[SELECT usr_seq FROM fb.users;]]>
              </value>
            </param>
          </params>
          <reporter-output>
            <line>
              <![CDATA[DES Table Data which is not available on Transformation DB after migration


]]>
            </line>
            <line>
              <![CDATA[------------------------------------------]]>
            </line>
            <line>
              <![CDATA[[24, 29, 12, 8, 5, 20, 31, 9, 19, 18, 26, 30, 17, 11, 33, 10, 32, 14, 22, 23, 3, 4, 34, 16, 15, 25, 27, 35, 36, 2, 1]
]]>
            </line>
          </reporter-output>
        </test-method> <!-- selectQuery -->
      </class> <!-- DBMigration.DES_to_Nexus_DataMigration -->
    </test> <!-- Default test -->
  </suite> <!-- Default suite -->
</testng-results>
