<?xml version="1.0" encoding="UTF-8"?>
<!-- Generated by org.testng.reporters.JUnitXMLReporter -->
<testsuite hostname="TRAI27" ignored="0" name="API POST" tests="28" failures="0" timestamp="13 Feb 2019 09:39:30 GMT" time="7.697" errors="0">
  <testcase name="aptTesting_POSTRequest" time="1.512" classname="APISource.API_Testing"/>
  <testcase name="aptTesting_POSTRequest" time="0.248" classname="APISource.API_Testing"/>
  <testcase name="aptTesting_POSTRequest" time="0.224" classname="APISource.API_Testing"/>
  <testcase name="aptTesting_POSTRequest" time="0.21" classname="APISource.API_Testing"/>
  <testcase name="aptTesting_POSTRequest" time="0.223" classname="APISource.API_Testing"/>
  <testcase name="aptTesting_POSTRequest" time="0.211" classname="APISource.API_Testing"/>
  <testcase name="aptTesting_POSTRequest" time="0.219" classname="APISource.API_Testing"/>
  <testcase name="aptTesting_POSTRequest" time="0.222" classname="APISource.API_Testing"/>
  <testcase name="aptTesting_POSTRequest" time="0.217" classname="APISource.API_Testing"/>
  <testcase name="aptTesting_POSTRequest" time="0.214" classname="APISource.API_Testing"/>
  <testcase name="aptTesting_POSTRequest" time="0.212" classname="APISource.API_Testing"/>
  <testcase name="aptTesting_POSTRequest" time="0.212" classname="APISource.API_Testing"/>
  <testcase name="aptTesting_POSTRequest" time="0.221" classname="APISource.API_Testing"/>
  <testcase name="aptTesting_POSTRequest" time="0.217" classname="APISource.API_Testing"/>
  <testcase name="aptTesting_POSTRequest" time="0.217" classname="APISource.API_Testing"/>
  <testcase name="aptTesting_POSTRequest" time="0.221" classname="APISource.API_Testing"/>
  <testcase name="aptTesting_POSTRequest" time="0.222" classname="APISource.API_Testing"/>
  <testcase name="aptTesting_POSTRequest" time="0.216" classname="APISource.API_Testing"/>
  <testcase name="aptTesting_POSTRequest" time="0.216" classname="APISource.API_Testing"/>
  <testcase name="aptTesting_POSTRequest" time="0.223" classname="APISource.API_Testing"/>
  <testcase name="aptTesting_POSTRequest" time="0.221" classname="APISource.API_Testing"/>
  <testcase name="aptTesting_POSTRequest" time="0.22" classname="APISource.API_Testing"/>
  <testcase name="aptTesting_POSTRequest" time="0.223" classname="APISource.API_Testing"/>
  <testcase name="aptTesting_POSTRequest" time="0.219" classname="APISource.API_Testing"/>
  <testcase name="aptTesting_POSTRequest" time="0.233" classname="APISource.API_Testing"/>
  <testcase name="aptTesting_POSTRequest" time="0.236" classname="APISource.API_Testing"/>
  <testcase name="aptTesting_POSTRequest" time="0.224" classname="APISource.API_Testing"/>
  <testcase name="aptTesting_POSTRequest" time="0.206" classname="APISource.API_Testing"/>
</testsuite> <!-- API POST -->
