<?xml version="1.0" encoding="UTF-8"?>
<testng-results ignored="0" total="1" passed="1" failed="0" skipped="0">
  <reporter-output>
  </reporter-output>
  <suite started-at="2022-07-18T23:47:29 IST" name="Default suite" finished-at="2022-07-18T23:48:12 IST" duration-ms="42786">
    <groups>
    </groups>
    <test started-at="2022-07-18T23:47:29 IST" name="Default test" finished-at="2022-07-18T23:48:12 IST" duration-ms="42786">
      <class name="MigrationApp.Test.MigrationAppTest_Functionality">
        <test-method is-config="true" signature="launchbrowser()[pri:0, instance:MigrationApp.Test.MigrationAppTest_Functionality@66f57048]" started-at="2022-07-18T23:47:03 IST" name="launchbrowser" finished-at="2022-07-18T23:47:29 IST" duration-ms="25596" status="PASS">
          <reporter-output>
          </reporter-output>
        </test-method> <!-- launchbrowser -->
        <test-method is-config="true" signature="Setup()[pri:0, instance:MigrationApp.Test.MigrationAppTest_Functionality@66f57048]" started-at="2022-07-18T23:47:29 IST" name="Setup" finished-at="2022-07-18T23:47:29 IST" duration-ms="63" status="PASS">
          <reporter-output>
          </reporter-output>
        </test-method> <!-- Setup -->
        <test-method signature="UserAccount(java.lang.String,java.lang.String,java.lang.String,java.lang.String,java.lang.String,java.lang.String,java.lang.String,java.lang.String,java.lang.String,java.lang.String)[pri:0, instance:MigrationApp.Test.MigrationAppTest_Functionality@66f57048]" started-at="2022-07-18T23:47:29 IST" name="UserAccount" data-provider="Datamigration_Parameters" finished-at="2022-07-18T23:48:09 IST" duration-ms="39396" status="PASS">
          <params>
            <param index="0">
              <value>
                <![CDATA[Y]]>
              </value>
            </param>
            <param index="1">
              <value>
                <![CDATA[DES]]>
              </value>
            </param>
            <param index="2">
              <value>
                <![CDATA[OnSite Application]]>
              </value>
            </param>
            <param index="3">
              <value>
                <![CDATA[Onsite]]>
              </value>
            </param>
            <param index="4">
              <value>
                <![CDATA[Des-Nexus]]>
              </value>
            </param>
            <param index="5">
              <value>
                <![CDATA[DES]]>
              </value>
            </param>
            <param index="6">
              <value>
                <![CDATA[NEXUS]]>
              </value>
            </param>
            <param index="7">
              <value>
                <![CDATA[Customerone]]>
              </value>
            </param>
            <param index="8">
              <value>
                <![CDATA[Customerthre]]>
              </value>
            </param>
            <param index="9">
              <value>
                <![CDATA[Customerone]]>
              </value>
            </param>
          </params>
          <reporter-output>
          </reporter-output>
        </test-method> <!-- UserAccount -->
        <test-method is-config="true" signature="appendFinalHTMLReport(org.testng.ITestResult)[pri:0, instance:MigrationApp.Test.MigrationAppTest_Functionality@66f57048]" started-at="2022-07-18T23:48:09 IST" name="appendFinalHTMLReport" finished-at="2022-07-18T23:48:12 IST" duration-ms="3009" status="PASS">
          <params>
            <param index="0">
              <value>
                <![CDATA[[TestResult name=UserAccount status=SUCCESS method=MigrationAppTest_Functionality.UserAccount(java.lang.String,java.lang.String,java.lang.String,java.lang.String,java.lang.String,java.lang.String,java.lang.String,java.lang.String,java.lang.String,java.lang.String)[pri:0, instance:MigrationApp.Test.MigrationAppTest_Functionality@66f57048] output={null}]]]>
              </value>
            </param>
          </params>
          <reporter-output>
          </reporter-output>
        </test-method> <!-- appendFinalHTMLReport -->
      </class> <!-- MigrationApp.Test.MigrationAppTest_Functionality -->
    </test> <!-- Default test -->
  </suite> <!-- Default suite -->
</testng-results>
