<?xml version="1.0" encoding="UTF-8"?>
<testng-results ignored="0" total="8" passed="8" failed="0" skipped="0">
  <reporter-output>
  </reporter-output>
  <suite started-at="2022-04-18T23:05:59 IST" name="Default suite" finished-at="2022-04-18T23:06:06 IST" duration-ms="7394">
    <groups>
    </groups>
    <test started-at="2022-04-18T23:05:59 IST" name="Default test" finished-at="2022-04-18T23:06:06 IST" duration-ms="7394">
      <class name="APISource.API_Testing">
        <test-method signature="aptTesting_GETRequest(java.lang.String,java.lang.String,java.lang.String,java.lang.String,java.lang.String)[pri:0, instance:APISource.API_Testing@2abf4075]" started-at="2022-04-18T23:05:59 IST" name="aptTesting_GETRequest" data-provider="GET_APITesting" finished-at="2022-04-18T23:06:02 IST" duration-ms="3027" status="PASS">
          <params>
            <param index="0">
              <value>
                <![CDATA[Y]]>
              </value>
            </param>
            <param index="1">
              <value>
                <![CDATA[Customer_Get all customers]]>
              </value>
            </param>
            <param index="2">
              <value>
                <![CDATA[https://datamigrationapi.azurewebsites.us/api/v1/customer]]>
              </value>
            </param>
            <param index="3">
              <value>
                <![CDATA[GET]]>
              </value>
            </param>
            <param index="4">
              <value>
                <![CDATA[]]>
              </value>
            </param>
          </params>
          <reporter-output>
          </reporter-output>
        </test-method> <!-- aptTesting_GETRequest -->
        <test-method signature="aptTesting_GETRequest(java.lang.String,java.lang.String,java.lang.String,java.lang.String,java.lang.String)[pri:0, instance:APISource.API_Testing@2abf4075]" started-at="2022-04-18T23:06:02 IST" name="aptTesting_GETRequest" data-provider="GET_APITesting" finished-at="2022-04-18T23:06:03 IST" duration-ms="491" status="PASS">
          <params>
            <param index="0">
              <value>
                <![CDATA[Y]]>
              </value>
            </param>
            <param index="1">
              <value>
                <![CDATA[Customer_Get Customer by Name]]>
              </value>
            </param>
            <param index="2">
              <value>
                <![CDATA[https://datamigrationapi.azurewebsites.us/api/v1/customer/Srini_Testing]]>
              </value>
            </param>
            <param index="3">
              <value>
                <![CDATA[GET]]>
              </value>
            </param>
            <param index="4">
              <value>
                <![CDATA[]]>
              </value>
            </param>
          </params>
          <reporter-output>
          </reporter-output>
        </test-method> <!-- aptTesting_GETRequest -->
        <test-method signature="aptTesting_GETRequest(java.lang.String,java.lang.String,java.lang.String,java.lang.String,java.lang.String)[pri:0, instance:APISource.API_Testing@2abf4075]" started-at="2022-04-18T23:06:03 IST" name="aptTesting_GETRequest" data-provider="GET_APITesting" finished-at="2022-04-18T23:06:03 IST" duration-ms="581" status="PASS">
          <params>
            <param index="0">
              <value>
                <![CDATA[Y]]>
              </value>
            </param>
            <param index="1">
              <value>
                <![CDATA[Job Type_Get all job types]]>
              </value>
            </param>
            <param index="2">
              <value>
                <![CDATA[https://datamigrationapi.azurewebsites.us/api/v1/jobType/getAll]]>
              </value>
            </param>
            <param index="3">
              <value>
                <![CDATA[GET]]>
              </value>
            </param>
            <param index="4">
              <value>
                <![CDATA[]]>
              </value>
            </param>
          </params>
          <reporter-output>
          </reporter-output>
        </test-method> <!-- aptTesting_GETRequest -->
        <test-method signature="aptTesting_GETRequest(java.lang.String,java.lang.String,java.lang.String,java.lang.String,java.lang.String)[pri:0, instance:APISource.API_Testing@2abf4075]" started-at="2022-04-18T23:06:03 IST" name="aptTesting_GETRequest" data-provider="GET_APITesting" finished-at="2022-04-18T23:06:04 IST" duration-ms="688" status="PASS">
          <params>
            <param index="0">
              <value>
                <![CDATA[Y]]>
              </value>
            </param>
            <param index="1">
              <value>
                <![CDATA[Product_Tenant]]>
              </value>
            </param>
            <param index="2">
              <value>
                <![CDATA[https://datamigrationapi.azurewebsites.us/api/v1/tenant]]>
              </value>
            </param>
            <param index="3">
              <value>
                <![CDATA[GET]]>
              </value>
            </param>
            <param index="4">
              <value>
                <![CDATA[]]>
              </value>
            </param>
          </params>
          <reporter-output>
          </reporter-output>
        </test-method> <!-- aptTesting_GETRequest -->
        <test-method signature="aptTesting_GETRequest(java.lang.String,java.lang.String,java.lang.String,java.lang.String,java.lang.String)[pri:0, instance:APISource.API_Testing@2abf4075]" started-at="2022-04-18T23:06:04 IST" name="aptTesting_GETRequest" data-provider="GET_APITesting" finished-at="2022-04-18T23:06:05 IST" duration-ms="1094" status="PASS">
          <params>
            <param index="0">
              <value>
                <![CDATA[Y]]>
              </value>
            </param>
            <param index="1">
              <value>
                <![CDATA[Tenant Manager_Get tenant Details]]>
              </value>
            </param>
            <param index="2">
              <value>
                <![CDATA[https://datamigrationapi.azurewebsites.us/api/v1/tenantManager?tenantId=1]]>
              </value>
            </param>
            <param index="3">
              <value>
                <![CDATA[GET]]>
              </value>
            </param>
            <param index="4">
              <value>
                <![CDATA[]]>
              </value>
            </param>
          </params>
          <reporter-output>
          </reporter-output>
        </test-method> <!-- aptTesting_GETRequest -->
        <test-method signature="aptTesting_GETRequest(java.lang.String,java.lang.String,java.lang.String,java.lang.String,java.lang.String)[pri:0, instance:APISource.API_Testing@2abf4075]" started-at="2022-04-18T23:06:05 IST" name="aptTesting_GETRequest" data-provider="GET_APITesting" finished-at="2022-04-18T23:06:05 IST" duration-ms="403" status="PASS">
          <params>
            <param index="0">
              <value>
                <![CDATA[Y]]>
              </value>
            </param>
            <param index="1">
              <value>
                <![CDATA[Tenant Job Type_Get Assigned Job types]]>
              </value>
            </param>
            <param index="2">
              <value>
                <![CDATA[https://datamigrationapi.azurewebsites.us/api/v1/tenantJobType/getJobs]]>
              </value>
            </param>
            <param index="3">
              <value>
                <![CDATA[GET]]>
              </value>
            </param>
            <param index="4">
              <value>
                <![CDATA[]]>
              </value>
            </param>
          </params>
          <reporter-output>
          </reporter-output>
        </test-method> <!-- aptTesting_GETRequest -->
        <test-method signature="aptTesting_POSTRequest(java.lang.String,java.lang.String,java.lang.String,java.lang.String,java.lang.String,java.lang.String)[pri:0, instance:APISource.API_Testing@2abf4075]" started-at="2022-04-18T23:06:05 IST" name="aptTesting_POSTRequest" data-provider="POST_APITesting" finished-at="2022-04-18T23:06:06 IST" duration-ms="569" status="PASS">
          <params>
            <param index="0">
              <value>
                <![CDATA[Y]]>
              </value>
            </param>
            <param index="1">
              <value>
                <![CDATA[Customer_Add Customer]]>
              </value>
            </param>
            <param index="2">
              <value>
                <![CDATA[https://datamigrationapi.azurewebsites.us/api/v1/customer]]>
              </value>
            </param>
            <param index="3">
              <value>
                <![CDATA[POST]]>
              </value>
            </param>
            <param index="4">
              <value>
                <![CDATA[]]>
              </value>
            </param>
            <param index="5">
              <value>
                <![CDATA[{
  "id": 126,
  "name": "Srini_Testing2"
}]]>
              </value>
            </param>
          </params>
          <reporter-output>
          </reporter-output>
        </test-method> <!-- aptTesting_POSTRequest -->
        <test-method signature="aptTesting_POSTRequest(java.lang.String,java.lang.String,java.lang.String,java.lang.String,java.lang.String,java.lang.String)[pri:0, instance:APISource.API_Testing@2abf4075]" started-at="2022-04-18T23:06:06 IST" name="aptTesting_POSTRequest" data-provider="POST_APITesting" finished-at="2022-04-18T23:06:06 IST" duration-ms="306" status="PASS">
          <params>
            <param index="0">
              <value>
                <![CDATA[Y]]>
              </value>
            </param>
            <param index="1">
              <value>
                <![CDATA[Tenant_Add Tenant]]>
              </value>
            </param>
            <param index="2">
              <value>
                <![CDATA[https://datamigrationapi.azurewebsites.us/api/v1/tenant]]>
              </value>
            </param>
            <param index="3">
              <value>
                <![CDATA[POST]]>
              </value>
            </param>
            <param index="4">
              <value>
                <![CDATA[]]>
              </value>
            </param>
            <param index="5">
              <value>
                <![CDATA[{
  "id": 6,
  "tenantId": "Testing1",
  "tenantName": "Srini1",
  "tenantType": "Test_type1",
  "emailId": "sritest@teste1r.com",
  "applications": [
    {
      "id": 6,
      "applicationId": "23645",
      "name": "Srii",
      "status": "Open"
    }
]]>
              </value>
            </param>
          </params>
          <reporter-output>
          </reporter-output>
        </test-method> <!-- aptTesting_POSTRequest -->
      </class> <!-- APISource.API_Testing -->
    </test> <!-- Default test -->
  </suite> <!-- Default suite -->
</testng-results>
